# JRE version: Java(TM) SE Runtime Environment (8.0_144-b01) (build 1.8.0_144-b01)
# Java VM: Java HotSpot(TM) 64-Bit Server VM (25.144-b01 mixed mode bsd-amd64 compressed oops)
Heap:
 PSYoungGen      total 270336K, used 26857K [0x000000076ab00000, 0x0000000791c00000, 0x00000007c0000000)
  eden space 254464K, 4% used [0x000000076ab00000,0x000000076b5bd0a8,0x000000077a380000)
  from space 15872K, 99% used [0x000000077a380000,0x000000077b2fd518,0x000000077b300000)
  to   space 65536K, 0% used [0x000000078dc00000,0x000000078dc00000,0x0000000791c00000)
 ParOldGen       total 175104K, used 106411K [0x00000006c0000000, 0x00000006cab00000, 0x000000076ab00000)
  object space 175104K, 60% used [0x00000006c0000000,0x00000006c67eae80,0x00000006cab00000)
 Metaspace       used 20142K, capacity 20442K, committed 20864K, reserved 1069056K
  class space    used 2006K, capacity 2101K, committed 2176K, reserved 1048576K
GC Heap History (10 events):
Event: 2.395 GC heap before
{Heap before GC invocations=3 (full 0):
 PSYoungGen      total 76288K, used 71120K [0x000000076ab00000, 0x0000000774000000, 0x00000007c0000000)
  eden space 65536K, 100% used [0x000000076ab00000,0x000000076eb00000,0x000000076eb00000)
  from space 10752K, 51% used [0x000000076f580000,0x000000076faf42e8,0x0000000770000000)
  to   space 10752K, 0% used [0x000000076eb00000,0x000000076eb00000,0x000000076f580000)
 ParOldGen       total 175104K, used 88K [0x00000006c0000000, 0x00000006cab00000, 0x000000076ab00000)
  object space 175104K, 0% used [0x00000006c0000000,0x00000006c0016010,0x00000006cab00000)
 Metaspace       used 18465K, capacity 18748K, committed 18944K, reserved 1067008K
  class space    used 1876K, capacity 1968K, committed 2048K, reserved 1048576K
Event: 2.399 GC heap after
Heap after GC invocations=3 (full 0):
 PSYoungGen      total 76288K, used 5810K [0x000000076ab00000, 0x0000000774000000, 0x00000007c0000000)
  eden space 65536K, 0% used [0x000000076ab00000,0x000000076ab00000,0x000000076eb00000)
  from space 10752K, 54% used [0x000000076eb00000,0x000000076f0ac808,0x000000076f580000)
  to   space 10752K, 0% used [0x0000000773580000,0x0000000773580000,0x0000000774000000)
 ParOldGen       total 175104K, used 96K [0x00000006c0000000, 0x00000006cab00000, 0x000000076ab00000)
  object space 175104K, 0% used [0x00000006c0000000,0x00000006c0018010,0x00000006cab00000)
 Metaspace       used 18465K, capacity 18748K, committed 18944K, reserved 1067008K
  class space    used 1876K, capacity 1968K, committed 2048K, reserved 1048576K
}
Event: 2.450 GC heap before
{Heap before GC invocations=4 (full 0):
 PSYoungGen      total 76288K, used 71346K [0x000000076ab00000, 0x0000000774000000, 0x00000007c0000000)
  eden space 65536K, 100% used [0x000000076ab00000,0x000000076eb00000,0x000000076eb00000)
  from space 10752K, 54% used [0x000000076eb00000,0x000000076f0ac808,0x000000076f580000)
  to   space 10752K, 0% used [0x0000000773580000,0x0000000773580000,0x0000000774000000)
 ParOldGen       total 175104K, used 96K [0x00000006c0000000, 0x00000006cab00000, 0x000000076ab00000)
  object space 175104K, 0% used [0x00000006c0000000,0x00000006c0018010,0x00000006cab00000)
 Metaspace       used 18465K, capacity 18748K, committed 18944K, reserved 1067008K
  class space    used 1876K, capacity 1968K, committed 2048K, reserved 1048576K
Event: 2.456 GC heap after
Heap after GC invocations=4 (full 0):
 PSYoungGen      total 141824K, used 6086K [0x000000076ab00000, 0x0000000774000000, 0x00000007c0000000)
  eden space 131072K, 0% used [0x000000076ab00000,0x000000076ab00000,0x0000000772b00000)
  from space 10752K, 56% used [0x0000000773580000,0x0000000773b71bc0,0x0000000774000000)
  to   space 10752K, 0% used [0x0000000772b00000,0x0000000772b00000,0x0000000773580000)
 ParOldGen       total 175104K, used 104K [0x00000006c0000000, 0x00000006cab00000, 0x000000076ab00000)
  object space 175104K, 0% used [0x00000006c0000000,0x00000006c001a010,0x00000006cab00000)
 Metaspace       used 18465K, capacity 18748K, committed 18944K, reserved 1067008K
  class space    used 1876K, capacity 1968K, committed 2048K, reserved 1048576K
}
Event: 2.553 GC heap before
{Heap before GC invocations=5 (full 0):
 PSYoungGen      total 141824K, used 137158K [0x000000076ab00000, 0x0000000774000000, 0x00000007c0000000)
  eden space 131072K, 100% used [0x000000076ab00000,0x0000000772b00000,0x0000000772b00000)
  from space 10752K, 56% used [0x0000000773580000,0x0000000773b71bc0,0x0000000774000000)
  to   space 10752K, 0% used [0x0000000772b00000,0x0000000772b00000,0x0000000773580000)
 ParOldGen       total 175104K, used 104K [0x00000006c0000000, 0x00000006cab00000, 0x000000076ab00000)
  object space 175104K, 0% used [0x00000006c0000000,0x00000006c001a010,0x00000006cab00000)
 Metaspace       used 18492K, capacity 18748K, committed 18944K, reserved 1067008K
  class space    used 1876K, capacity 1968K, committed 2048K, reserved 1048576K
Event: 2.558 GC heap after
Heap after GC invocations=5 (full 0):
 PSYoungGen      total 141824K, used 6794K [0x000000076ab00000, 0x000000077bb00000, 0x00000007c0000000)
  eden space 131072K, 0% used [0x000000076ab00000,0x000000076ab00000,0x0000000772b00000)
  from space 10752K, 63% used [0x0000000772b00000,0x00000007731a2858,0x0000000773580000)
  to   space 8192K, 0% used [0x000000077b300000,0x000000077b300000,0x000000077bb00000)
 ParOldGen       total 175104K, used 112K [0x00000006c0000000, 0x00000006cab00000, 0x000000076ab00000)
  object space 175104K, 0% used [0x00000006c0000000,0x00000006c001c010,0x00000006cab00000)
 Metaspace       used 18492K, capacity 18748K, committed 18944K, reserved 1067008K
  class space    used 1876K, capacity 1968K, committed 2048K, reserved 1048576K
}
Event: 23.180 GC heap before
{Heap before GC invocations=6 (full 0):
 PSYoungGen      total 141824K, used 137866K [0x000000076ab00000, 0x000000077bb00000, 0x00000007c0000000)
  eden space 131072K, 100% used [0x000000076ab00000,0x0000000772b00000,0x0000000772b00000)
  from space 10752K, 63% used [0x0000000772b00000,0x00000007731a2858,0x0000000773580000)
  to   space 8192K, 0% used [0x000000077b300000,0x000000077b300000,0x000000077bb00000)
 ParOldGen       total 175104K, used 112K [0x00000006c0000000, 0x00000006cab00000, 0x000000076ab00000)
  object space 175104K, 0% used [0x00000006c0000000,0x00000006c001c010,0x00000006cab00000)
 Metaspace       used 19552K, capacity 19848K, committed 20224K, reserved 1067008K
  class space    used 1918K, capacity 2034K, committed 2048K, reserved 1048576K
Event: 23.201 GC heap after
Heap after GC invocations=6 (full 0):
 PSYoungGen      total 262656K, used 8179K [0x000000076ab00000, 0x000000077ca00000, 0x00000007c0000000)
  eden space 254464K, 0% used [0x000000076ab00000,0x000000076ab00000,0x000000077a380000)
  from space 8192K, 99% used [0x000000077b300000,0x000000077bafcc00,0x000000077bb00000)
  to   space 15872K, 0% used [0x000000077a380000,0x000000077a380000,0x000000077b300000)
 ParOldGen       total 175104K, used 12411K [0x00000006c0000000, 0x00000006cab00000, 0x000000076ab00000)
  object space 175104K, 7% used [0x00000006c0000000,0x00000006c0c1eda8,0x00000006cab00000)
 Metaspace       used 19552K, capacity 19848K, committed 20224K, reserved 1067008K
  class space    used 1918K, capacity 2034K, committed 2048K, reserved 1048576K
}
Event: 192.174 GC heap before
{Heap before GC invocations=7 (full 0):
 PSYoungGen      total 262656K, used 262643K [0x000000076ab00000, 0x000000077ca00000, 0x00000007c0000000)
  eden space 254464K, 100% used [0x000000076ab00000,0x000000077a380000,0x000000077a380000)
  from space 8192K, 99% used [0x000000077b300000,0x000000077bafcc00,0x000000077bb00000)
  to   space 15872K, 0% used [0x000000077a380000,0x000000077a380000,0x000000077b300000)
 ParOldGen       total 175104K, used 12411K [0x00000006c0000000, 0x00000006cab00000, 0x000000076ab00000)
  object space 175104K, 7% used [0x00000006c0000000,0x00000006c0c1eda8,0x00000006cab00000)
 Metaspace       used 20142K, capacity 20442K, committed 20864K, reserved 1069056K
  class space    used 2006K, capacity 2101K, committed 2176K, reserved 1048576K
Event: 192.266 GC heap after
Heap after GC invocations=7 (full 0):
 PSYoungGen      total 270336K, used 15861K [0x000000076ab00000, 0x0000000791c00000, 0x00000007c0000000)
  eden space 254464K, 0% used [0x000000076ab00000,0x000000076ab00000,0x000000077a380000)
  from space 15872K, 99% used [0x000000077a380000,0x000000077b2fd518,0x000000077b300000)
  to   space 65536K, 0% used [0x000000078dc00000,0x000000078dc00000,0x0000000791c00000)
 ParOldGen       total 175104K, used 106411K [0x00000006c0000000, 0x00000006cab00000, 0x000000076ab00000)
  object space 175104K, 60% used [0x00000006c0000000,0x00000006c67eae80,0x00000006cab00000)
 Metaspace       used 20142K, capacity 20442K, committed 20864K, reserved 1069056K
  class space    used 2006K, capacity 2101K, committed 2176K, reserved 1048576K
}

