# JRE version: Java(TM) SE Runtime Environment (8.0_144-b01) (build 1.8.0_144-b01)
# Java VM: Java HotSpot(TM) 64-Bit Server VM (25.144-b01 mixed mode bsd-amd64 compressed oops)
Heap:
 PSYoungGen      total 78336K, used 19213K [0x000000076ab00000, 0x0000000773000000, 0x00000007c0000000)
  eden space 61440K, 4% used [0x000000076ab00000,0x000000076ad6a0f8,0x000000076e700000)
  from space 16896K, 99% used [0x000000076e800000,0x000000076f859670,0x000000076f880000)
  to   space 37376K, 0% used [0x0000000770b80000,0x0000000770b80000,0x0000000773000000)
 ParOldGen       total 175104K, used 70021K [0x00000006c0000000, 0x00000006cab00000, 0x000000076ab00000)
  object space 175104K, 39% used [0x00000006c0000000,0x00000006c4461508,0x00000006cab00000)
 Metaspace       used 19827K, capacity 20078K, committed 20352K, reserved 1067008K
  class space    used 1969K, capacity 2067K, committed 2176K, reserved 1048576K
GC Heap History (10 events):
Event: 138.899 GC heap before
{Heap before GC invocations=3 (full 0):
 PSYoungGen      total 76288K, used 76272K [0x000000076ab00000, 0x0000000770000000, 0x00000007c0000000)
  eden space 65536K, 100% used [0x000000076ab00000,0x000000076eb00000,0x000000076eb00000)
  from space 10752K, 99% used [0x000000076f580000,0x000000076fffc2e8,0x0000000770000000)
  to   space 10752K, 0% used [0x000000076eb00000,0x000000076eb00000,0x000000076f580000)
 ParOldGen       total 175104K, used 11400K [0x00000006c0000000, 0x00000006cab00000, 0x000000076ab00000)
  object space 175104K, 6% used [0x00000006c0000000,0x00000006c0b221b0,0x00000006cab00000)
 Metaspace       used 19700K, capacity 20010K, committed 20352K, reserved 1067008K
  class space    used 1960K, capacity 2067K, committed 2176K, reserved 1048576K
Event: 138.942 GC heap after
Heap after GC invocations=3 (full 0):
 PSYoungGen      total 76288K, used 10736K [0x000000076ab00000, 0x0000000770000000, 0x00000007c0000000)
  eden space 65536K, 0% used [0x000000076ab00000,0x000000076ab00000,0x000000076eb00000)
  from space 10752K, 99% used [0x000000076eb00000,0x000000076f57c308,0x000000076f580000)
  to   space 10752K, 0% used [0x000000076f580000,0x000000076f580000,0x0000000770000000)
 ParOldGen       total 175104K, used 28808K [0x00000006c0000000, 0x00000006cab00000, 0x000000076ab00000)
  object space 175104K, 16% used [0x00000006c0000000,0x00000006c1c221b0,0x00000006cab00000)
 Metaspace       used 19700K, capacity 20010K, committed 20352K, reserved 1067008K
  class space    used 1960K, capacity 2067K, committed 2176K, reserved 1048576K
}
Event: 219.082 GC heap before
{Heap before GC invocations=4 (full 0):
 PSYoungGen      total 76288K, used 76272K [0x000000076ab00000, 0x0000000770000000, 0x00000007c0000000)
  eden space 65536K, 100% used [0x000000076ab00000,0x000000076eb00000,0x000000076eb00000)
  from space 10752K, 99% used [0x000000076eb00000,0x000000076f57c308,0x000000076f580000)
  to   space 10752K, 0% used [0x000000076f580000,0x000000076f580000,0x0000000770000000)
 ParOldGen       total 175104K, used 28808K [0x00000006c0000000, 0x00000006cab00000, 0x000000076ab00000)
  object space 175104K, 16% used [0x00000006c0000000,0x00000006c1c221b0,0x00000006cab00000)
 Metaspace       used 19727K, capacity 20014K, committed 20352K, reserved 1067008K
  class space    used 1960K, capacity 2067K, committed 2176K, reserved 1048576K
Event: 219.148 GC heap after
Heap after GC invocations=4 (full 0):
 PSYoungGen      total 76288K, used 10736K [0x000000076ab00000, 0x0000000770000000, 0x00000007c0000000)
  eden space 65536K, 0% used [0x000000076ab00000,0x000000076ab00000,0x000000076eb00000)
  from space 10752K, 99% used [0x000000076f580000,0x000000076fffc308,0x0000000770000000)
  to   space 10752K, 0% used [0x000000076eb00000,0x000000076eb00000,0x000000076f580000)
 ParOldGen       total 175104K, used 46480K [0x00000006c0000000, 0x00000006cab00000, 0x000000076ab00000)
  object space 175104K, 26% used [0x00000006c0000000,0x00000006c2d641b0,0x00000006cab00000)
 Metaspace       used 19727K, capacity 20014K, committed 20352K, reserved 1067008K
  class space    used 1960K, capacity 2067K, committed 2176K, reserved 1048576K
}
Event: 301.704 GC heap before
{Heap before GC invocations=5 (full 0):
 PSYoungGen      total 76288K, used 76272K [0x000000076ab00000, 0x0000000770000000, 0x00000007c0000000)
  eden space 65536K, 100% used [0x000000076ab00000,0x000000076eb00000,0x000000076eb00000)
  from space 10752K, 99% used [0x000000076f580000,0x000000076fffc308,0x0000000770000000)
  to   space 10752K, 0% used [0x000000076eb00000,0x000000076eb00000,0x000000076f580000)
 ParOldGen       total 175104K, used 46480K [0x00000006c0000000, 0x00000006cab00000, 0x000000076ab00000)
  object space 175104K, 26% used [0x00000006c0000000,0x00000006c2d641b0,0x00000006cab00000)
 Metaspace       used 19745K, capacity 20014K, committed 20352K, reserved 1067008K
  class space    used 1960K, capacity 2067K, committed 2176K, reserved 1048576K
Event: 301.809 GC heap after
Heap after GC invocations=5 (full 0):
 PSYoungGen      total 74752K, used 10733K [0x000000076ab00000, 0x0000000773880000, 0x00000007c0000000)
  eden space 64000K, 0% used [0x000000076ab00000,0x000000076ab00000,0x000000076e980000)
  from space 10752K, 99% used [0x000000076eb00000,0x000000076f57b5b0,0x000000076f580000)
  to   space 40448K, 0% used [0x0000000771100000,0x0000000771100000,0x0000000773880000)
 ParOldGen       total 175104K, used 65288K [0x00000006c0000000, 0x00000006cab00000, 0x000000076ab00000)
  object space 175104K, 37% used [0x00000006c0000000,0x00000006c3fc21b0,0x00000006cab00000)
 Metaspace       used 19745K, capacity 20014K, committed 20352K, reserved 1067008K
  class space    used 1960K, capacity 2067K, committed 2176K, reserved 1048576K
}
Event: 382.724 GC heap before
{Heap before GC invocations=6 (full 0):
 PSYoungGen      total 74752K, used 74733K [0x000000076ab00000, 0x0000000773880000, 0x00000007c0000000)
  eden space 64000K, 100% used [0x000000076ab00000,0x000000076e980000,0x000000076e980000)
  from space 10752K, 99% used [0x000000076eb00000,0x000000076f57b5b0,0x000000076f580000)
  to   space 40448K, 0% used [0x0000000771100000,0x0000000771100000,0x0000000773880000)
 ParOldGen       total 175104K, used 65288K [0x00000006c0000000, 0x00000006cab00000, 0x000000076ab00000)
  object space 175104K, 37% used [0x00000006c0000000,0x00000006c3fc21b0,0x00000006cab00000)
 Metaspace       used 19745K, capacity 20014K, committed 20352K, reserved 1067008K
  class space    used 1960K, capacity 2067K, committed 2176K, reserved 1048576K
Event: 382.802 GC heap after
Heap after GC invocations=6 (full 0):
 PSYoungGen      total 97280K, used 21565K [0x000000076ab00000, 0x0000000773300000, 0x00000007c0000000)
  eden space 62464K, 0% used [0x000000076ab00000,0x000000076ab00000,0x000000076e800000)
  from space 34816K, 61% used [0x0000000771100000,0x000000077260f5a0,0x0000000773300000)
  to   space 38400K, 0% used [0x000000076e800000,0x000000076e800000,0x0000000770d80000)
 ParOldGen       total 175104K, used 65296K [0x00000006c0000000, 0x00000006cab00000, 0x000000076ab00000)
  object space 175104K, 37% used [0x00000006c0000000,0x00000006c3fc41b0,0x00000006cab00000)
 Metaspace       used 19745K, capacity 20014K, committed 20352K, reserved 1067008K
  class space    used 1960K, capacity 2067K, committed 2176K, reserved 1048576K
}
Event: 488.789 GC heap before
{Heap before GC invocations=7 (full 0):
 PSYoungGen      total 97280K, used 84029K [0x000000076ab00000, 0x0000000773300000, 0x00000007c0000000)
  eden space 62464K, 100% used [0x000000076ab00000,0x000000076e800000,0x000000076e800000)
  from space 34816K, 61% used [0x0000000771100000,0x000000077260f5a0,0x0000000773300000)
  to   space 38400K, 0% used [0x000000076e800000,0x000000076e800000,0x0000000770d80000)
 ParOldGen       total 175104K, used 65296K [0x00000006c0000000, 0x00000006cab00000, 0x000000076ab00000)
  object space 175104K, 37% used [0x00000006c0000000,0x00000006c3fc41b0,0x00000006cab00000)
 Metaspace       used 19827K, capacity 20078K, committed 20352K, reserved 1067008K
  class space    used 1969K, capacity 2067K, committed 2176K, reserved 1048576K
Event: 488.859 GC heap after
Heap after GC invocations=7 (full 0):
 PSYoungGen      total 78336K, used 16741K [0x000000076ab00000, 0x0000000773000000, 0x00000007c0000000)
  eden space 61440K, 0% used [0x000000076ab00000,0x000000076ab00000,0x000000076e700000)
  from space 16896K, 99% used [0x000000076e800000,0x000000076f859670,0x000000076f880000)
  to   space 37376K, 0% used [0x0000000770b80000,0x0000000770b80000,0x0000000773000000)
 ParOldGen       total 175104K, used 70021K [0x00000006c0000000, 0x00000006cab00000, 0x000000076ab00000)
  object space 175104K, 39% used [0x00000006c0000000,0x00000006c4461508,0x00000006cab00000)
 Metaspace       used 19827K, capacity 20078K, committed 20352K, reserved 1067008K
  class space    used 1969K, capacity 2067K, committed 2176K, reserved 1048576K
}

